This is pdfeTeX, Version 3.141592-1.21a-2.2 (Web2C 7.5.4) (format=latex 2010.5.16)  3 OCT 2010 12:04
entering extended mode
**acronym.ins
(./acronym.ins
LaTeX2e <2003/12/01>
Babel <v3.8d> and hyphenation patterns for american, french, german, ngerman, b
ahasa, basque, bulgarian, catalan, croatian, czech, danish, dutch, esperanto, e
stonian, finnish, greek, icelandic, irish, italian, latin, magyar, norsk, polis
h, portuges, romanian, russian, serbian, slovak, slovene, spanish, swedish, tur
kish, ukrainian, nohyphenation, loaded.
(/usr/share/texmf/tex/latex/base/docstrip.tex
\blockLevel=\count79
\emptyLines=\count80
\processedLines=\count81
\commentsRemoved=\count82
\commentsPassed=\count83
\codeLinesPassed=\count84
\TotalprocessedLines=\count85
\TotalcommentsRemoved=\count86
\TotalcommentsPassed=\count87
\TotalcodeLinesPassed=\count88
\NumberOfFiles=\count89
\inFile=\read1
\inputcheck=\read2
\off@0=\count90
\off@1=\count91
\off@2=\count92
\off@3=\count93
\off@4=\count94
\off@5=\count95
\off@6=\count96
\off@7=\count97
\off@8=\count98
\off@9=\count99
\off@10=\count100
\off@11=\count101
\off@12=\count102
\off@13=\count103
\off@14=\count104
\off@15=\count105
\@maxfiles=\count106
\@maxoutfiles=\count107

Utility: `docstrip' 2.5c <2003/09/18>
English documentation    <1999/03/31>

**********************************************************
* This program converts documented macro-files into fast *
* loadable files by stripping off (nearly) all comments! *
**********************************************************

********************************************************
* No Configuration file found, using default settings. *
********************************************************

(./acronym.ins

Generating file(s) ./acronym.sty 
\openout0 = `./acronym.sty'.


Processing file acronym.dtx (acronym) -> acronym.sty
File acronym.dtx ended by \endinput.
Lines  processed: 1556
Comments removed: 1010
Comments  passed: 21
Codelines passed: 520


Generating file(s) ./acrotest.tex 
\openout0 = `./acrotest.tex'.


Processing file acronym.dtx (acrotest) -> acrotest.tex
File acronym.dtx ended by \endinput.
Lines  processed: 1556
Comments removed: 1010
Comments  passed: 21
Codelines passed: 520

*********************************************************
*                                                       *
* To finish the installation you have to move the       *
* following file into a directory searched by TeX:      *
*                                                       *
*    acronym.sty                                        *
*                                                       *
* To produce the documentation run the file acronym.dtx *
* through LaTeX.                                        *
*                                                       *
* The file `acrotest.tex' contains an example text.     *
*                                                       *
* Happy TeXing!                                         *
*********************************************************
Overall statistics:
Files  processed: 2
Lines  processed: 3112
Comments removed: 2020
Comments  passed: 42
Codelines passed: 1040
 ) ) ) 
Here is how much of TeX's memory you used:
 324 strings out of 94501
 3254 string characters out of 1176789
 52950 words of memory out of 1000000
 3583 multiletter control sequences out of 10000+50000
 3640 words of font info for 14 fonts, out of 500000 for 2000
 580 hyphenation exceptions out of 1000
 15i,0n,15p,364b,127s stack positions out of 1500i,500n,5000p,200000b,5000s

No pages of output.
